Started GET "/" for 127.0.0.1 at 2019-08-13 16:08:24 +0530
Processing by Rails::WelcomeController#index as HTML
  Rendering /home/meena/.rbenv/versions/2.5.3/lib/ruby/gems/2.5.0/gems/railties-5.2.3/lib/rails/templates/rails/welcome/index.html.erb
  Rendered /home/meena/.rbenv/versions/2.5.3/lib/ruby/gems/2.5.0/gems/railties-5.2.3/lib/rails/templates/rails/welcome/index.html.erb (2.0ms)
Completed 200 OK in 10ms (Views: 4.6ms | ActiveRecord: 0.0ms)


Started GET "/" for 127.0.0.1 at 2019-08-13 16:13:11 +0530
Processing by Rails::WelcomeController#index as HTML
  Rendering /home/meena/.rbenv/versions/2.5.3/lib/ruby/gems/2.5.0/gems/railties-5.2.3/lib/rails/templates/rails/welcome/index.html.erb
  Rendered /home/meena/.rbenv/versions/2.5.3/lib/ruby/gems/2.5.0/gems/railties-5.2.3/lib/rails/templates/rails/welcome/index.html.erb (1.9ms)
Completed 200 OK in 10ms (Views: 4.0ms | ActiveRecord: 0.0ms)


Started GET "/" for 127.0.0.1 at 2019-08-13 16:26:23 +0530
Processing by HomeController#index as HTML
Completed 500 Internal Server Error in 332ms (ActiveRecord: 0.0ms)


  
Instagram::BadRequest (GET https://api.instagram.com/v1/media/popular.json?access_token=YOUR+ACCESS+TOKEN: 400: The access_token provided is invalid.):
  
app/controllers/home_controller.rb:3:in `index'
Started GET "/" for 127.0.0.1 at 2019-08-13 16:39:12 +0530
Processing by HomeController#index as HTML
  Rendering home/index.html.erb within layouts/application
  Rendered home/index.html.erb within layouts/application (2.3ms)
Completed 500 Internal Server Error in 10ms (ActiveRecord: 0.0ms)


  
ActionView::Template::Error (undefined method `each' for nil:NilClass):
    1: <h1>Instagram Lookup</h1>
    2:   <% @popular.each do |popular| %>
    3:   <div class="col-sm-12 col-md-4">
    4:     <div class="thumbnail">
    5:       <%= image_tag popular.images.low_resolution.url %>
  
app/views/home/index.html.erb:2:in `_app_views_home_index_html_erb__3629891771877111354_70088900457980'
Started GET "/" for 127.0.0.1 at 2019-08-13 16:39:27 +0530
Processing by HomeController#index as HTML
  Rendering home/index.html.erb within layouts/application
  Rendered home/index.html.erb within layouts/application (1.6ms)
Completed 500 Internal Server Error in 3ms (ActiveRecord: 0.0ms)


  
ActionView::Template::Error (undefined method `each' for nil:NilClass):
    1: <!-- <h1>Instagram Lookup</h1>
    2:   <% @popular.each do |popular| %>
    3:   <div class="col-sm-12 col-md-4">
    4:     <div class="thumbnail">
    5:       <%= image_tag popular.images.low_resolution.url %>
  
app/views/home/index.html.erb:2:in `_app_views_home_index_html_erb__3629891771877111354_70088903365620'
Started GET "/" for 127.0.0.1 at 2019-08-13 16:39:38 +0530
Processing by HomeController#index as HTML
  Rendering home/index.html.erb within layouts/application
  Rendered home/index.html.erb within layouts/application (0.3ms)
Completed 200 OK in 546ms (Views: 545.2ms | ActiveRecord: 0.0ms)


Started GET "/" for 127.0.0.1 at 2019-08-13 16:39:59 +0530
Processing by HomeController#index as HTML
  Rendering home/index.html.erb within layouts/application
  Rendered home/index.html.erb within layouts/application (0.4ms)
Completed 200 OK in 13ms (Views: 12.2ms | ActiveRecord: 0.0ms)


Started GET "/" for 127.0.0.1 at 2019-08-13 16:41:41 +0530
Processing by HomeController#index as HTML
  Rendering home/index.html.erb within layouts/application
  Rendered home/index.html.erb within layouts/application (0.2ms)
Completed 200 OK in 23ms (Views: 22.5ms | ActiveRecord: 0.0ms)


Started GET "/" for 127.0.0.1 at 2019-08-13 16:42:49 +0530
Processing by HomeController#index as HTML
  Rendering home/index.html.erb within layouts/application
  Rendered home/index.html.erb within layouts/application (0.4ms)
Completed 200 OK in 12ms (Views: 11.4ms | ActiveRecord: 0.0ms)


Started GET "/" for 127.0.0.1 at 2019-08-13 16:42:51 +0530
Processing by HomeController#index as HTML
  Rendering home/index.html.erb within layouts/application
  Rendered home/index.html.erb within layouts/application (0.5ms)
Completed 200 OK in 13ms (Views: 12.1ms | ActiveRecord: 0.0ms)


Started GET "/" for 127.0.0.1 at 2019-08-13 16:43:14 +0530
Processing by HomeController#index as HTML
  Rendering home/index.html.erb within layouts/application
  Rendered home/index.html.erb within layouts/application (0.4ms)
Completed 200 OK in 12ms (Views: 11.5ms | ActiveRecord: 0.0ms)


Started GET "/callback" for 127.0.0.1 at 2019-08-13 16:45:12 +0530
  
ActionController::RoutingError (uninitialized constant HomController):
  
bootsnap (1.4.4) lib/bootsnap/load_path_cache/core_ext/active_support.rb:79:in `block in load_missing_constant'
bootsnap (1.4.4) lib/bootsnap/load_path_cache/core_ext/active_support.rb:8:in `without_bootsnap_cache'
bootsnap (1.4.4) lib/bootsnap/load_path_cache/core_ext/active_support.rb:79:in `rescue in load_missing_constant'
bootsnap (1.4.4) lib/bootsnap/load_path_cache/core_ext/active_support.rb:58:in `load_missing_constant'
activesupport (5.2.3) lib/active_support/inflector/methods.rb:283:in `const_get'
activesupport (5.2.3) lib/active_support/inflector/methods.rb:283:in `block in constantize'
activesupport (5.2.3) lib/active_support/inflector/methods.rb:281:in `each'
activesupport (5.2.3) lib/active_support/inflector/methods.rb:281:in `inject'
activesupport (5.2.3) lib/active_support/inflector/methods.rb:281:in `constantize'
actionpack (5.2.3) lib/action_dispatch/http/request.rb:88:in `controller_class_for'
actionpack (5.2.3) lib/action_dispatch/http/request.rb:81:in `controller_class'
actionpack (5.2.3) lib/action_dispatch/routing/route_set.rb:46:in `controller'
actionpack (5.2.3) lib/action_dispatch/routing/route_set.rb:32:in `serve'
actionpack (5.2.3) lib/action_dispatch/journey/router.rb:52:in `block in serve'
actionpack (5.2.3) lib/action_dispatch/journey/router.rb:35:in `each'
actionpack (5.2.3) lib/action_dispatch/journey/router.rb:35:in `serve'
actionpack (5.2.3) lib/action_dispatch/routing/route_set.rb:840:in `call'
rack (2.0.7) lib/rack/tempfile_reaper.rb:15:in `call'
rack (2.0.7) lib/rack/etag.rb:25:in `call'
rack (2.0.7) lib/rack/conditional_get.rb:25:in `call'
rack (2.0.7) lib/rack/head.rb:12:in `call'
actionpack (5.2.3) lib/action_dispatch/http/content_security_policy.rb:18:in `call'
rack (2.0.7) lib/rack/session/abstract/id.rb:232:in `context'
rack (2.0.7) lib/rack/session/abstract/id.rb:226:in `call'
actionpack (5.2.3) lib/action_dispatch/middleware/cookies.rb:670:in `call'
activerecord (5.2.3) lib/active_record/migration.rb:559:in `call'
actionpack (5.2.3) lib/action_dispatch/middleware/callbacks.rb:28:in `block in call'
activesupport (5.2.3) lib/active_support/callbacks.rb:98:in `run_callbacks'
actionpack (5.2.3) lib/action_dispatch/middleware/callbacks.rb:26:in `call'
actionpack (5.2.3) lib/action_dispatch/middleware/executor.rb:14:in `call'
actionpack (5.2.3) lib/action_dispatch/middleware/debug_exceptions.rb:61:in `call'
web-console (3.7.0) lib/web_console/middleware.rb:135:in `call_app'
web-console (3.7.0) lib/web_console/middleware.rb:30:in `block in call'
web-console (3.7.0) lib/web_console/middleware.rb:20:in `catch'
web-console (3.7.0) lib/web_console/middleware.rb:20:in `call'
actionpack (5.2.3) lib/action_dispatch/middleware/show_exceptions.rb:33:in `call'
railties (5.2.3) lib/rails/rack/logger.rb:38:in `call_app'
railties (5.2.3) lib/rails/rack/logger.rb:26:in `block in call'
activesupport (5.2.3) lib/active_support/tagged_logging.rb:71:in `block in tagged'
activesupport (5.2.3) lib/active_support/tagged_logging.rb:28:in `tagged'
activesupport (5.2.3) lib/active_support/tagged_logging.rb:71:in `tagged'
railties (5.2.3) lib/rails/rack/logger.rb:26:in `call'
sprockets-rails (3.2.1) lib/sprockets/rails/quiet_assets.rb:13:in `call'
actionpack (5.2.3) lib/action_dispatch/middleware/remote_ip.rb:81:in `call'
actionpack (5.2.3) lib/action_dispatch/middleware/request_id.rb:27:in `call'
rack (2.0.7) lib/rack/method_override.rb:22:in `call'
rack (2.0.7) lib/rack/runtime.rb:22:in `call'
activesupport (5.2.3) lib/active_support/cache/strategy/local_cache_middleware.rb:29:in `call'
actionpack (5.2.3) lib/action_dispatch/middleware/executor.rb:14:in `call'
actionpack (5.2.3) lib/action_dispatch/middleware/static.rb:127:in `call'
rack (2.0.7) lib/rack/sendfile.rb:111:in `call'
railties (5.2.3) lib/rails/engine.rb:524:in `call'
puma (3.12.1) lib/puma/configuration.rb:227:in `call'
puma (3.12.1) lib/puma/server.rb:660:in `handle_request'
puma (3.12.1) lib/puma/server.rb:474:in `process_client'
puma (3.12.1) lib/puma/server.rb:334:in `block in run'
puma (3.12.1) lib/puma/thread_pool.rb:135:in `block in spawn_thread'
Started GET "/callback" for 127.0.0.1 at 2019-08-13 16:45:50 +0530
Processing by HomeController#callback as HTML
Completed 500 Internal Server Error in 390ms (ActiveRecord: 0.0ms)


  
Instagram::BadRequest (POST https://api.instagram.com/oauth/access_token/: 400: OAuthException: You must provide a client_id):
  
app/controllers/home_controller.rb:3:in `callback'
Started GET "/" for 127.0.0.1 at 2019-08-13 17:42:11 +0530
Processing by HomeController#index as HTML
Completed 500 Internal Server Error in 304ms (ActiveRecord: 0.0ms)


  
Instagram::BadRequest (GET https://api.instagram.com/v1/media/popular.json?client_id=2e54e99487ee4bfe811729b47d85d551: 400: The access_token provided is invalid.):
  
app/controllers/home_controller.rb:3:in `index'
Started GET "/" for 127.0.0.1 at 2019-08-13 17:45:15 +0530
Processing by HomeController#index as HTML
Completed 500 Internal Server Error in 309ms (ActiveRecord: 0.0ms)


  
Instagram::BadRequest (GET https://api.instagram.com/v1/media/popular.json?client_id=2e54e99487ee4bfe811729b47d85d551: 400: The access_token provided is invalid.):
  
app/controllers/home_controller.rb:3:in `index'
Started GET "/" for 127.0.0.1 at 2019-08-13 22:43:49 +0530
Processing by HomeController#index as HTML
Completed 500 Internal Server Error in 366ms (ActiveRecord: 0.0ms)


  
Instagram::BadRequest (GET https://api.instagram.com/v1/media/popular.json?client_id=2e54e99487ee4bfe811729b47d85d551: 400: The access_token provided is invalid.):
  
app/controllers/home_controller.rb:3:in `index'
Started GET "/" for 127.0.0.1 at 2019-08-13 22:48:43 +0530
Processing by HomeController#index as HTML
Completed 500 Internal Server Error in 420ms (ActiveRecord: 0.0ms)


  
Instagram::BadRequest (GET https://api.instagram.com/v1/media/popular.json?client_id=2e54e99487ee4bfe811729b47d85d551: 400: The access_token provided is invalid.):
  
app/controllers/home_controller.rb:3:in `index'
Started GET "/" for 127.0.0.1 at 2019-08-14 09:08:14 +0530
Processing by HomeController#index as HTML
Completed 500 Internal Server Error in 293ms (ActiveRecord: 0.0ms)


  
Instagram::BadRequest (GET https://api.instagram.com/v1/media/popular.json?client_id=2e54e99487ee4bfe811729b47d85d551: 400: The access_token provided is invalid.):
  
app/controllers/home_controller.rb:3:in `index'
Started GET "/" for 127.0.0.1 at 2019-08-14 09:09:20 +0530
Processing by HomeController#index as HTML
Completed 500 Internal Server Error in 424ms (ActiveRecord: 0.0ms)


  
Instagram::BadRequest (GET https://api.instagram.com/v1/media/popular.json?access_token=5679969082.2e54e99.f8ba50eb6ec84a3eba103197fa20ad24: 400: invalid media id):
  
app/controllers/home_controller.rb:3:in `index'
